2022-05-16 11:05:621 INFO  ManageDriver :30 - Launching Chrome Browser
2022-05-16 11:05:695 INFO  HomePage :36 - Clicking on login link : [[ChromeDriver: chrome on WINDOWS (927e2afb3a1b0789659ee6e6ff9236d7)] -> link text: Log in]
2022-05-16 11:05:731 INFO  LoginPage :44 - Getting text from : [[ChromeDriver: chrome on WINDOWS (927e2afb3a1b0789659ee6e6ff9236d7)] -> xpath: //h1[contains(text(),'Welcome, Please Sign In!')]]
2022-05-16 11:05:437 INFO  ManageDriver :30 - Launching Chrome Browser
2022-05-16 11:05:797 INFO  HomePage :36 - Clicking on login link : [[ChromeDriver: chrome on WINDOWS (85ab2cb2713b2bce09882b4b50f0530b)] -> link text: Log in]
2022-05-16 11:05:141 INFO  ManageDriver :30 - Launching Chrome Browser
2022-05-16 11:05:79 INFO  HomePage :36 - Clicking on login link : [[ChromeDriver: chrome on WINDOWS (8703f599789000e664cede0bd7a54653)] -> link text: Log in]
2022-05-16 11:05:256 INFO  ManageDriver :30 - Launching Chrome Browser
2022-05-16 11:05:17 INFO  HomePage :36 - Clicking on login link : [[ChromeDriver: chrome on WINDOWS (6915651ed2de3d8c4d68b151989c62a6)] -> link text: Log in]
2022-05-16 11:05:229 INFO  ManageDriver :30 - Launching Chrome Browser
2022-05-16 11:05:429 INFO  HomePage :36 - Clicking on login link : [[ChromeDriver: chrome on WINDOWS (f886a6428ebe6abf4b1d1f6ff29bfab9)] -> link text: Log in]
2022-05-16 11:05:536 INFO  ManageDriver :30 - Launching Chrome Browser
2022-05-16 11:05:909 INFO  HomePage :50 - Clicking on login link Log in<br>
2022-05-16 11:05:501 INFO  LoginPage :44 - Getting welcome text Welcome, Please Sign In!<br>
2022-05-16 12:05:208 INFO  ManageDriver :30 - Launching Chrome Browser
2022-05-16 12:05:204 INFO  HomePage :50 - Clicking on login link Log in<br>
2022-05-16 12:05:817 INFO  LoginPage :44 - Getting welcome text Welcome, Please Sign In!<br>
2022-05-16 12:05:635 INFO  ManageDriver :30 - Launching Chrome Browser
2022-05-16 12:05:704 INFO  HomePage :50 - Clicking on login link Log in<br>
2022-05-16 12:05:309 INFO  LoginPage :50 - Enter email primefivetest@yahoo.com to email field <br>
2022-05-16 12:05:399 INFO  LoginPage :55 - Enter password abc123 to password field <br>
2022-05-16 12:05:836 INFO  LoginPage :60 - Clicking on Login Button <br>
2022-05-16 12:05:258 INFO  ManageDriver :30 - Launching Chrome Browser
2022-05-16 12:05:785 INFO  HomePage :50 - Clicking on login link Log in<br>
2022-05-16 12:05:339 INFO  LoginPage :44 - Getting welcome text Welcome, Please Sign In!<br>
2022-05-16 12:05:124 INFO  ManageDriver :30 - Launching Chrome Browser
2022-05-16 12:05:25 INFO  HomePage :50 - Clicking on login link Log in<br>
2022-05-16 12:05:677 INFO  LoginPage :50 - Enter email primefivetest@yahoo.com to email field <br>
2022-05-16 12:05:768 INFO  LoginPage :55 - Enter password abc123 to password field <br>
2022-05-16 12:05:261 INFO  LoginPage :60 - Clicking on Login Button <br>
2022-05-16 12:05:308 INFO  LoginPage :65 - Getting error message : Login was unsuccessful. Please correct the errors and try again.
No customer account found<br>
2022-05-16 12:05:83 INFO  ManageDriver :30 - Launching Chrome Browser
2022-05-16 12:05:309 INFO  HomePage :50 - Clicking on login link Log in<br>
2022-05-16 12:05:812 INFO  LoginPage :44 - Getting welcome text Welcome, Please Sign In!<br>
2022-05-16 12:05:557 INFO  ManageDriver :30 - Launching Chrome Browser
2022-05-16 12:05:455 INFO  HomePage :50 - Clicking on login link Log in<br>
2022-05-16 12:05:44 INFO  LoginPage :50 - Enter email primefivetest@yahoo.com to email field <br>
2022-05-16 12:05:143 INFO  LoginPage :55 - Enter password abc123 to password field <br>
2022-05-16 12:05:561 INFO  LoginPage :60 - Clicking on Login Button <br>
2022-05-16 12:05:599 INFO  LoginPage :65 - Getting error message : Login was unsuccessful. Please correct the errors and try again.
No customer account found<br>
2022-05-16 12:05:520 INFO  ManageDriver :30 - Launching Chrome Browser
2022-05-16 12:05:495 INFO  HomePage :50 - Clicking on login link Log in<br>
2022-05-16 12:05:273 INFO  LoginPage :44 - Getting welcome text Welcome, Please Sign In!<br>
2022-05-16 12:05:529 INFO  ManageDriver :30 - Launching Chrome Browser
2022-05-16 12:05:218 INFO  HomePage :50 - Clicking on login link Log in<br>
2022-05-16 12:05:288 INFO  LoginPage :50 - Enter email primefivetest@yahoo.com to email field <br>
2022-05-16 12:05:443 INFO  LoginPage :55 - Enter password abc123 to password field <br>
2022-05-16 12:05:316 INFO  LoginPage :60 - Clicking on Login Button <br>
2022-05-16 12:05:440 INFO  LoginPage :65 - Getting error message : Login was unsuccessful. Please correct the errors and try again.
No customer account found<br>
2022-05-16 12:05:364 INFO  ManageDriver :30 - Launching Chrome Browser
2022-05-16 12:05:677 INFO  HomePage :50 - Clicking on login link Log in<br>
2022-05-16 12:05:789 INFO  LoginPage :50 - Enter email primefivetest@yahoo.com to email field <br>
2022-05-16 12:05:04 INFO  LoginPage :55 - Enter password abc123 to password field <br>
2022-05-16 12:05:710 INFO  LoginPage :60 - Clicking on Login Button <br>
2022-05-16 13:05:668 INFO  ManageDriver :30 - Launching Chrome Browser
2022-05-16 13:05:739 INFO  HomePage :50 - Clicking on login link Log in<br>
2022-05-16 13:05:290 INFO  LoginPage :44 - Getting welcome text Welcome, Please Sign In!<br>
2022-05-16 13:05:197 INFO  ManageDriver :30 - Launching Chrome Browser
2022-05-16 13:05:261 INFO  HomePage :50 - Clicking on login link Log in<br>
2022-05-16 13:05:444 INFO  LoginPage :50 - Enter email primefivetest@yahoo.com to email field <br>
2022-05-16 13:05:649 INFO  LoginPage :55 - Enter password abc123 to password field <br>
2022-05-16 13:05:361 INFO  LoginPage :60 - Clicking on Login Button <br>
2022-05-16 13:05:517 INFO  LoginPage :65 - Getting error message : Login was unsuccessful. Please correct the errors and try again.
No customer account found<br>
2022-05-16 13:05:540 INFO  ManageDriver :30 - Launching Chrome Browser
2022-05-16 13:05:344 INFO  HomePage :50 - Clicking on login link Log in<br>
2022-05-16 13:05:441 INFO  LoginPage :50 - Enter email primefivetest@yahoo.com to email field <br>
2022-05-16 13:05:607 INFO  LoginPage :55 - Enter password abc123 to password field <br>
2022-05-16 13:05:369 INFO  LoginPage :60 - Clicking on Login Button <br>
2022-05-16 13:05:103 INFO  ManageDriver :30 - Launching Chrome Browser
2022-05-16 13:05:802 INFO  HomePage :50 - Clicking on login link Log in<br>
2022-05-16 13:05:262 INFO  LoginPage :44 - Getting welcome text Welcome, Please Sign In!<br>
2022-05-16 13:05:625 INFO  ManageDriver :30 - Launching Chrome Browser
2022-05-16 13:05:195 INFO  HomePage :50 - Clicking on login link Log in<br>
2022-05-16 13:05:279 INFO  LoginPage :50 - Enter email primefivetest@yahoo.com to email field <br>
2022-05-16 13:05:405 INFO  LoginPage :55 - Enter password abc123 to password field <br>
2022-05-16 13:05:258 INFO  LoginPage :60 - Clicking on Login Button <br>
2022-05-16 13:05:399 INFO  LoginPage :65 - Getting error message : Login was unsuccessful. Please correct the errors and try again.
No customer account found<br>
2022-05-16 13:05:448 INFO  ManageDriver :30 - Launching Chrome Browser
2022-05-16 13:05:131 INFO  HomePage :50 - Clicking on login link Log in<br>
2022-05-16 13:05:415 INFO  LoginPage :50 - Enter email primefivetest@yahoo.com to email field <br>
2022-05-16 13:05:552 INFO  LoginPage :55 - Enter password abc123 to password field <br>
2022-05-16 13:05:343 INFO  LoginPage :60 - Clicking on Login Button <br>
2022-05-16 13:05:878 INFO  ManageDriver :30 - Launching Chrome Browser
2022-05-16 13:05:488 INFO  HomePage :61 - Clicking on register link Register<br>
2022-05-16 13:05:500 INFO  LoginPage :83 - Get registerText : Register<br>
2022-05-16 14:05:635 INFO  ManageDriver :30 - Launching Chrome Browser
2022-05-16 14:05:436 INFO  HomePage :50 - Clicking on login link Log in<br>
2022-05-16 14:05:519 INFO  LoginPage :44 - Getting welcome text Welcome, Please Sign In!<br>
2022-05-16 14:05:849 INFO  ManageDriver :30 - Launching Chrome Browser
2022-05-16 14:05:695 INFO  HomePage :50 - Clicking on login link Log in<br>
2022-05-16 14:05:752 INFO  LoginPage :50 - Enter email primefivetest@yahoo.com to email field <br>
2022-05-16 14:05:920 INFO  LoginPage :55 - Enter password abc123 to password field <br>
2022-05-16 14:05:300 INFO  LoginPage :60 - Clicking on Login Button <br>
2022-05-16 14:05:411 INFO  LoginPage :65 - Getting error message : Login was unsuccessful. Please correct the errors and try again.
No customer account found<br>
2022-05-16 14:05:773 INFO  ManageDriver :30 - Launching Chrome Browser
2022-05-16 14:05:250 INFO  HomePage :50 - Clicking on login link Log in<br>
2022-05-16 14:05:513 INFO  LoginPage :50 - Enter email primefivetest@yahoo.com to email field <br>
2022-05-16 14:05:712 INFO  LoginPage :55 - Enter password abc123 to password field <br>
2022-05-16 14:05:72 INFO  LoginPage :60 - Clicking on Login Button <br>
2022-05-16 14:05:302 INFO  ManageDriver :30 - Launching Chrome Browser
2022-05-16 14:05:93 INFO  HomePage :61 - Clicking on register link Register<br>
2022-05-16 14:05:972 INFO  LoginPage :83 - Get registerText : Register<br>
2022-05-16 14:05:991 INFO  ManageDriver :30 - Launching Chrome Browser
2022-05-16 14:05:786 INFO  HomePage :61 - Clicking on register link Register<br>
2022-05-16 14:05:578 INFO  ManageDriver :30 - Launching Chrome Browser
2022-05-16 14:05:104 INFO  HomePage :61 - Clicking on register link Register<br>
2022-05-16 14:05:130 INFO  LoginPage :90 - Select 'Male' radio button<br>
2022-05-16 14:05:258 INFO  LoginPage :99 - Enter Firstname : 'Nirav' to firstName field<br>
2022-05-16 14:05:382 INFO  LoginPage :104 - Enter Lastname : 'shah' to lastName field<br>
2022-05-16 14:05:897 INFO  ManageDriver :30 - Launching Chrome Browser
2022-05-16 14:05:452 INFO  HomePage :50 - Clicking on login link Log in<br>
2022-05-16 14:05:288 INFO  LoginPage :44 - Getting welcome text Welcome, Please Sign In!<br>
2022-05-16 14:05:664 INFO  ManageDriver :30 - Launching Chrome Browser
2022-05-16 14:05:71 INFO  HomePage :50 - Clicking on login link Log in<br>
2022-05-16 14:05:137 INFO  LoginPage :50 - Enter email primefivetest@yahoo.com to email field <br>
2022-05-16 14:05:256 INFO  LoginPage :55 - Enter password abc123 to password field <br>
2022-05-16 14:05:973 INFO  LoginPage :60 - Clicking on Login Button <br>
2022-05-16 14:05:60 INFO  LoginPage :65 - Getting error message : Login was unsuccessful. Please correct the errors and try again.
No customer account found<br>
2022-05-16 14:05:235 INFO  ManageDriver :30 - Launching Chrome Browser
2022-05-16 14:05:787 INFO  HomePage :50 - Clicking on login link Log in<br>
2022-05-16 14:05:787 INFO  LoginPage :50 - Enter email primefivetest@yahoo.com to email field <br>
2022-05-16 14:05:884 INFO  LoginPage :55 - Enter password abc123 to password field <br>
2022-05-16 14:05:559 INFO  LoginPage :60 - Clicking on Login Button <br>
2022-05-16 14:05:852 INFO  ManageDriver :30 - Launching Chrome Browser
2022-05-16 14:05:389 INFO  HomePage :61 - Clicking on register link Register<br>
2022-05-16 14:05:520 INFO  LoginPage :83 - Get registerText : Register<br>
2022-05-16 14:05:128 INFO  ManageDriver :30 - Launching Chrome Browser
2022-05-16 14:05:278 INFO  HomePage :61 - Clicking on register link Register<br>
2022-05-16 14:05:237 INFO  ManageDriver :30 - Launching Chrome Browser
2022-05-16 14:05:819 INFO  HomePage :61 - Clicking on register link Register<br>
2022-05-16 14:05:781 INFO  LoginPage :90 - Select 'Male' radio button<br>
2022-05-16 14:05:996 INFO  LoginPage :99 - Enter Firstname : 'Nirav' to firstName field<br>
2022-05-16 14:05:142 INFO  LoginPage :104 - Enter Lastname : 'shah' to lastName field<br>
2022-05-16 14:05:544 INFO  ManageDriver :30 - Launching Chrome Browser
2022-05-16 14:05:164 INFO  HomePage :50 - Clicking on login link Log in<br>
2022-05-16 14:05:85 INFO  LoginPage :44 - Getting welcome text Welcome, Please Sign In!<br>
2022-05-16 14:05:08 INFO  ManageDriver :30 - Launching Chrome Browser
2022-05-16 14:05:678 INFO  HomePage :50 - Clicking on login link Log in<br>
2022-05-16 14:05:724 INFO  LoginPage :50 - Enter email primefivetest@yahoo.com to email field <br>
2022-05-16 14:05:935 INFO  LoginPage :55 - Enter password abc123 to password field <br>
2022-05-16 14:05:659 INFO  LoginPage :60 - Clicking on Login Button <br>
2022-05-16 14:05:751 INFO  LoginPage :65 - Getting error message : Login was unsuccessful. Please correct the errors and try again.
No customer account found<br>
2022-05-16 14:05:572 INFO  ManageDriver :30 - Launching Chrome Browser
2022-05-16 14:05:735 INFO  HomePage :50 - Clicking on login link Log in<br>
2022-05-16 14:05:804 INFO  LoginPage :50 - Enter email primefivetest@yahoo.com to email field <br>
2022-05-16 14:05:932 INFO  LoginPage :55 - Enter password abc123 to password field <br>
2022-05-16 14:05:599 INFO  LoginPage :60 - Clicking on Login Button <br>
2022-05-16 14:05:827 INFO  ManageDriver :30 - Launching Chrome Browser
2022-05-16 14:05:191 INFO  HomePage :61 - Clicking on register link Register<br>
2022-05-16 14:05:83 INFO  LoginPage :83 - Get registerText : Register<br>
2022-05-16 14:05:40 INFO  ManageDriver :30 - Launching Chrome Browser
2022-05-16 14:05:03 INFO  HomePage :61 - Clicking on register link Register<br>
2022-05-16 14:05:915 INFO  ManageDriver :30 - Launching Chrome Browser
2022-05-16 14:05:127 INFO  HomePage :61 - Clicking on register link Register<br>
2022-05-16 14:05:150 INFO  LoginPage :90 - Select 'Male' radio button<br>
2022-05-16 14:05:373 INFO  LoginPage :99 - Enter Firstname : 'Nirav' to firstName field<br>
2022-05-16 14:05:488 INFO  LoginPage :104 - Enter Lastname : 'shah' to lastName field<br>
2022-05-16 14:05:860 INFO  LoginPage :111 - Select day : '25', month : 'January', year : '2018'<br>
2022-05-16 14:05:961 INFO  LoginPage :116 - Enter Email : 'Nirav456789@gmail.com' to email field<br>
2022-05-16 14:05:100 INFO  LoginPage :121 - Enter Password : 'Ni456' to password field<br>
2022-05-16 14:05:242 INFO  LoginPage :126 - Enter Confirm password : 'Ni456' to confirm password field<br>
2022-05-16 14:05:250 INFO  LoginPage :130 - Click on 'REGISTER' button<br>
2022-05-16 14:05:208 INFO  ManageDriver :30 - Launching Chrome Browser
2022-05-16 14:05:253 INFO  HomePage :50 - Clicking on login link Log in<br>
2022-05-16 14:05:201 INFO  LoginPage :44 - Getting welcome text Welcome, Please Sign In!<br>
2022-05-16 14:05:476 INFO  ManageDriver :30 - Launching Chrome Browser
2022-05-16 14:05:444 INFO  HomePage :50 - Clicking on login link Log in<br>
2022-05-16 14:05:578 INFO  LoginPage :50 - Enter email primefivetest@yahoo.com to email field <br>
2022-05-16 14:05:706 INFO  LoginPage :55 - Enter password abc123 to password field <br>
2022-05-16 14:05:384 INFO  LoginPage :60 - Clicking on Login Button <br>
2022-05-16 14:05:480 INFO  LoginPage :65 - Getting error message : Login was unsuccessful. Please correct the errors and try again.
No customer account found<br>
2022-05-16 14:05:510 INFO  ManageDriver :30 - Launching Chrome Browser
2022-05-16 14:05:229 INFO  HomePage :50 - Clicking on login link Log in<br>
2022-05-16 14:05:274 INFO  LoginPage :50 - Enter email primefivetest@yahoo.com to email field <br>
2022-05-16 14:05:407 INFO  LoginPage :55 - Enter password abc123 to password field <br>
2022-05-16 14:05:56 INFO  LoginPage :60 - Clicking on Login Button <br>
2022-05-16 14:05:341 INFO  ManageDriver :30 - Launching Chrome Browser
2022-05-16 14:05:411 INFO  HomePage :61 - Clicking on register link Register<br>
2022-05-16 14:05:311 INFO  LoginPage :83 - Get registerText : Register<br>
2022-05-16 14:05:230 INFO  ManageDriver :30 - Launching Chrome Browser
2022-05-16 14:05:65 INFO  HomePage :61 - Clicking on register link Register<br>
2022-05-16 14:05:777 INFO  ManageDriver :30 - Launching Chrome Browser
2022-05-16 14:05:151 INFO  HomePage :61 - Clicking on register link Register<br>
2022-05-16 14:05:181 INFO  LoginPage :90 - Select 'Male' radio button<br>
2022-05-16 14:05:383 INFO  LoginPage :99 - Enter Firstname : 'Nirav' to firstName field<br>
2022-05-16 14:05:510 INFO  LoginPage :104 - Enter Lastname : 'shah' to lastName field<br>
2022-05-16 14:05:836 INFO  LoginPage :111 - Select day : '25', month : 'January', year : '2018'<br>
2022-05-16 14:05:950 INFO  LoginPage :116 - Enter Email : 'Nirav456789@gmail.com' to email field<br>
2022-05-16 14:05:95 INFO  LoginPage :121 - Enter Password : 'Ni45678' to password field<br>
2022-05-16 14:05:207 INFO  LoginPage :126 - Enter Confirm password : 'Ni45678' to confirm password field<br>
2022-05-16 14:05:211 INFO  LoginPage :130 - Click on 'REGISTER' button<br>
2022-05-16 14:05:269 INFO  LoginPage :148 - Get your reg completed text : Your registration completed<br>
2022-05-16 14:05:615 INFO  ManageDriver :30 - Launching Chrome Browser
2022-05-16 14:05:733 INFO  HomePage :91 - Click on 'Computers' tab <br>
2022-05-16 14:05:286 INFO  HomePage :37 - Get pageTitle text : Computers<br>
2022-05-16 14:05:62 INFO  ManageDriver :30 - Launching Chrome Browser
2022-05-16 14:05:677 INFO  HomePage :50 - Clicking on login link Log in<br>
2022-05-16 14:05:233 INFO  LoginPage :44 - Getting welcome text Welcome, Please Sign In!<br>
2022-05-16 14:05:881 INFO  ManageDriver :30 - Launching Chrome Browser
2022-05-16 14:05:417 INFO  HomePage :50 - Clicking on login link Log in<br>
2022-05-16 14:05:948 INFO  LoginPage :50 - Enter email primefivetest@yahoo.com to email field <br>
2022-05-16 14:05:19 INFO  LoginPage :55 - Enter password abc123 to password field <br>
2022-05-16 14:05:418 INFO  LoginPage :60 - Clicking on Login Button <br>
2022-05-16 14:05:458 INFO  LoginPage :65 - Getting error message : Login was unsuccessful. Please correct the errors and try again.
No customer account found<br>
2022-05-16 14:05:141 INFO  ManageDriver :30 - Launching Chrome Browser
2022-05-16 14:05:705 INFO  HomePage :50 - Clicking on login link Log in<br>
2022-05-16 14:05:231 INFO  LoginPage :50 - Enter email primefivetest@yahoo.com to email field <br>
2022-05-16 14:05:311 INFO  LoginPage :55 - Enter password abc123 to password field <br>
2022-05-16 14:05:731 INFO  LoginPage :60 - Clicking on Login Button <br>
2022-05-16 14:05:619 INFO  ManageDriver :30 - Launching Chrome Browser
2022-05-16 14:05:219 INFO  HomePage :61 - Clicking on register link Register<br>
2022-05-16 14:05:749 INFO  LoginPage :83 - Get registerText : Register<br>
2022-05-16 14:05:449 INFO  ManageDriver :30 - Launching Chrome Browser
2022-05-16 14:05:969 INFO  HomePage :61 - Clicking on register link Register<br>
2022-05-16 14:05:118 INFO  ManageDriver :30 - Launching Chrome Browser
2022-05-16 14:05:665 INFO  HomePage :61 - Clicking on register link Register<br>
2022-05-16 14:05:211 INFO  LoginPage :90 - Select 'Male' radio button<br>
2022-05-16 14:05:315 INFO  LoginPage :99 - Enter Firstname : 'Nirav' to firstName field<br>
2022-05-16 14:05:370 INFO  LoginPage :104 - Enter Lastname : 'shah' to lastName field<br>
2022-05-16 14:05:531 INFO  LoginPage :111 - Select day : '25', month : 'January', year : '2018'<br>
2022-05-16 14:05:594 INFO  LoginPage :116 - Enter Email : 'Nirav456789@gmail.com' to email field<br>
2022-05-16 14:05:650 INFO  LoginPage :121 - Enter Password : 'Ni45678' to password field<br>
2022-05-16 14:05:708 INFO  LoginPage :126 - Enter Confirm password : 'Ni45678' to confirm password field<br>
2022-05-16 14:05:713 INFO  LoginPage :130 - Click on 'REGISTER' button<br>
2022-05-16 14:05:227 INFO  ManageDriver :30 - Launching Chrome Browser
2022-05-16 14:05:759 INFO  HomePage :91 - Click on 'Computers' tab <br>
2022-05-16 14:05:326 INFO  HomePage :37 - Get pageTitle text : Computers<br>
2022-05-16 14:05:48 INFO  ManageDriver :30 - Launching Chrome Browser
2022-05-16 14:05:589 INFO  HomePage :50 - Clicking on login link Log in<br>
2022-05-16 14:05:47 INFO  LoginPage :44 - Getting welcome text Welcome, Please Sign In!<br>
2022-05-16 14:05:762 INFO  ManageDriver :30 - Launching Chrome Browser
2022-05-16 14:05:413 INFO  HomePage :50 - Clicking on login link Log in<br>
2022-05-16 14:05:976 INFO  LoginPage :50 - Enter email primefivetest@yahoo.com to email field <br>
2022-05-16 14:05:39 INFO  LoginPage :55 - Enter password abc123 to password field <br>
2022-05-16 14:05:442 INFO  LoginPage :60 - Clicking on Login Button <br>
2022-05-16 14:05:480 INFO  LoginPage :65 - Getting error message : Login was unsuccessful. Please correct the errors and try again.
No customer account found<br>
2022-05-16 14:05:153 INFO  ManageDriver :30 - Launching Chrome Browser
2022-05-16 14:05:260 INFO  HomePage :50 - Clicking on login link Log in<br>
2022-05-16 14:05:817 INFO  LoginPage :50 - Enter email primefivetest@yahoo.com to email field <br>
2022-05-16 14:05:881 INFO  LoginPage :55 - Enter password abc123 to password field <br>
2022-05-16 14:05:281 INFO  LoginPage :60 - Clicking on Login Button <br>
2022-05-16 14:05:193 INFO  ManageDriver :30 - Launching Chrome Browser
2022-05-16 14:05:153 INFO  HomePage :61 - Clicking on register link Register<br>
2022-05-16 14:05:686 INFO  LoginPage :83 - Get registerText : Register<br>
2022-05-16 14:05:380 INFO  ManageDriver :30 - Launching Chrome Browser
2022-05-16 14:05:153 INFO  HomePage :61 - Clicking on register link Register<br>
2022-05-16 14:05:240 INFO  ManageDriver :30 - Launching Chrome Browser
2022-05-16 14:05:767 INFO  HomePage :61 - Clicking on register link Register<br>
2022-05-16 14:05:251 INFO  LoginPage :90 - Select 'Male' radio button<br>
2022-05-16 14:05:363 INFO  LoginPage :99 - Enter Firstname : 'Nirav' to firstName field<br>
2022-05-16 14:05:414 INFO  LoginPage :104 - Enter Lastname : 'shah' to lastName field<br>
2022-05-16 14:05:577 INFO  LoginPage :111 - Select day : '25', month : 'January', year : '2018'<br>
2022-05-16 14:05:641 INFO  LoginPage :116 - Enter Email : 'Nirav456789@gmail.com' to email field<br>
2022-05-16 14:05:692 INFO  LoginPage :121 - Enter Password : 'Ni45678' to password field<br>
2022-05-16 14:05:746 INFO  LoginPage :126 - Enter Confirm password : 'Ni45678' to confirm password field<br>
2022-05-16 14:05:750 INFO  LoginPage :130 - Click on 'REGISTER' button<br>
2022-05-16 17:05:924 INFO  ManageDriver :30 - Launching Chrome Browser
2022-05-16 17:05:423 INFO  HomePage :91 - Click on 'Computers' tab <br>
2022-05-16 17:05:46 INFO  HomePage :37 - Get pageTitle text : Computers<br>
2022-05-16 17:05:712 INFO  ManageDriver :30 - Launching Chrome Browser
2022-05-16 17:05:792 INFO  HomePage :50 - Clicking on login link Log in<br>
2022-05-16 17:05:283 INFO  LoginPage :44 - Getting welcome text Welcome, Please Sign In!<br>
2022-05-16 17:05:61 INFO  ManageDriver :30 - Launching Chrome Browser
2022-05-16 17:05:913 INFO  HomePage :50 - Clicking on login link Log in<br>
2022-05-16 17:05:442 INFO  LoginPage :50 - Enter email primefivetest@yahoo.com to email field <br>
2022-05-16 17:05:538 INFO  LoginPage :55 - Enter password abc123 to password field <br>
2022-05-16 17:05:978 INFO  LoginPage :60 - Clicking on Login Button <br>
2022-05-16 17:05:18 INFO  LoginPage :65 - Getting error message : Login was unsuccessful. Please correct the errors and try again.
No customer account found<br>
2022-05-16 17:05:778 INFO  ManageDriver :30 - Launching Chrome Browser
2022-05-16 17:05:666 INFO  HomePage :50 - Clicking on login link Log in<br>
2022-05-16 17:05:169 INFO  LoginPage :50 - Enter email primefivetest@yahoo.com to email field <br>
2022-05-16 17:05:244 INFO  LoginPage :55 - Enter password abc123 to password field <br>
2022-05-16 17:05:655 INFO  LoginPage :60 - Clicking on Login Button <br>
2022-05-16 17:05:498 INFO  ManageDriver :30 - Launching Chrome Browser
2022-05-16 17:05:510 INFO  HomePage :61 - Clicking on register link Register<br>
2022-05-16 17:05:09 INFO  LoginPage :83 - Get registerText : Register<br>
2022-05-16 17:05:658 INFO  ManageDriver :30 - Launching Chrome Browser
2022-05-16 17:05:24 INFO  HomePage :61 - Clicking on register link Register<br>
2022-05-16 17:05:278 INFO  ManageDriver :30 - Launching Chrome Browser
2022-05-16 17:05:122 INFO  HomePage :61 - Clicking on register link Register<br>
2022-05-16 17:05:581 INFO  LoginPage :90 - Select 'Male' radio button<br>
2022-05-16 17:05:686 INFO  LoginPage :99 - Enter Firstname : 'Nirav' to firstName field<br>
2022-05-16 17:05:740 INFO  LoginPage :104 - Enter Lastname : 'shah' to lastName field<br>
2022-05-16 17:05:895 INFO  LoginPage :111 - Select day : '25', month : 'January', year : '2018'<br>
2022-05-16 17:05:952 INFO  LoginPage :116 - Enter Email : 'Nirav456789@gmail.com' to email field<br>
2022-05-16 17:05:05 INFO  LoginPage :121 - Enter Password : 'Ni45678' to password field<br>
2022-05-16 17:05:68 INFO  LoginPage :126 - Enter Confirm password : 'Ni45678' to confirm password field<br>
2022-05-16 17:05:71 INFO  LoginPage :130 - Click on 'REGISTER' button<br>
2022-05-16 17:05:997 INFO  LoginPage :148 - Get your reg completed text : Your registration completed<br>
2022-05-16 17:05:661 INFO  ManageDriver :30 - Launching Chrome Browser
2022-05-16 17:05:335 INFO  HomePage :91 - Click on 'Computers' tab <br>
2022-05-16 17:05:870 INFO  HomePage :37 - Get pageTitle text : Computers<br>
2022-05-16 17:05:545 INFO  ManageDriver :30 - Launching Chrome Browser
2022-05-16 17:05:199 INFO  HomePage :91 - Click on 'Computers' tab <br>
2022-05-16 17:05:805 INFO  HomePage :37 - Get pageTitle text : Computers<br>
2022-05-16 17:05:545 INFO  ManageDriver :30 - Launching Chrome Browser
2022-05-16 17:05:419 INFO  HomePage :91 - Click on 'Computers' tab <br>
2022-05-16 17:05:10 INFO  HomePage :37 - Get pageTitle text : Computers<br>
2022-05-16 17:05:752 INFO  ManageDriver :30 - Launching Chrome Browser
2022-05-16 17:05:665 INFO  HomePage :91 - Click on 'Computers' tab <br>
2022-05-16 17:05:334 INFO  HomePage :42 - Get pageTitle text Computers<br>
2022-05-16 17:05:192 INFO  ManageDriver :30 - Launching Chrome Browser
2022-05-16 17:05:988 INFO  HomePage :91 - Click on 'Computers' tab <br>
2022-05-16 17:05:669 INFO  HomePage :37 - Get pageTitle text : Computers<br>
2022-05-16 17:05:572 INFO  ManageDriver :30 - Launching Chrome Browser
2022-05-16 17:05:653 INFO  HomePage :91 - Click on 'Computers' tab <br>
2022-05-16 17:05:88 INFO  ManageDriver :30 - Launching Chrome Browser
2022-05-16 17:05:354 INFO  HomePage :91 - Click on 'Computers' tab <br>
2022-05-16 17:05:23 INFO  HomePage :37 - Get pageTitle text : Computers<br>
2022-05-16 17:05:933 INFO  ManageDriver :30 - Launching Chrome Browser
2022-05-16 17:05:423 INFO  HomePage :91 - Click on 'Computers' tab <br>
2022-05-16 17:05:293 INFO  HomePage :43 - Get pageTitle text Desktops<br>
2022-05-16 18:05:693 INFO  ManageDriver :30 - Launching Chrome Browser
2022-05-16 18:05:601 INFO  HomePage :91 - Click on 'Computers' tab <br>
2022-05-16 18:05:434 INFO  ManageDriver :30 - Launching Chrome Browser
2022-05-16 18:05:787 INFO  HomePage :91 - Click on 'Computers' tab <br>
2022-05-16 18:05:675 INFO  ManageDriver :30 - Launching Chrome Browser
2022-05-16 18:05:631 INFO  HomePage :91 - Click on 'Computers' tab <br>
2022-05-16 18:05:679 INFO  ManageDriver :30 - Launching Chrome Browser
2022-05-16 18:05:477 INFO  HomePage :91 - Click on 'Computers' tab <br>
2022-05-16 18:05:833 INFO  ManageDriver :30 - Launching Chrome Browser
2022-05-16 18:05:147 INFO  HomePage :91 - Click on 'Computers' tab <br>
2022-05-16 18:05:440 INFO  ManageDriver :30 - Launching Chrome Browser
2022-05-16 18:05:945 INFO  ManageDriver :30 - Launching Chrome Browser
2022-05-16 18:05:197 INFO  HomePage :91 - Click on 'Computers' tab <br>
2022-05-16 18:05:87 INFO  ManageDriver :30 - Launching Chrome Browser
2022-05-16 18:05:564 INFO  HomePage :91 - Click on 'Computers' tab <br>
2022-05-16 21:05:587 INFO  ManageDriver :30 - Launching Chrome Browser
2022-05-16 21:05:549 INFO  HomePage :91 - Click on 'Computers' tab <br>
2022-05-16 21:05:469 INFO  ManageDriver :30 - Launching Chrome Browser
2022-05-16 21:05:332 INFO  HomePage :91 - Click on 'Computers' tab <br>
2022-05-16 21:05:351 INFO  ManageDriver :30 - Launching Chrome Browser
2022-05-16 21:05:498 INFO  HomePage :91 - Click on 'Computers' tab <br>
2022-05-16 21:05:341 INFO  ManageDriver :30 - Launching Chrome Browser
2022-05-16 21:05:858 INFO  HomePage :91 - Click on 'Computers' tab <br>
2022-05-16 21:05:986 INFO  ManageDriver :30 - Launching Chrome Browser
2022-05-16 22:05:509 INFO  ManageDriver :30 - Launching Chrome Browser
2022-05-16 22:05:790 INFO  ManageDriver :30 - Launching Chrome Browser
2022-05-16 22:05:318 INFO  HomePage :91 - Click on 'Computer' tab <br>
2022-05-16 22:05:377 INFO  ManageDriver :30 - Launching Chrome Browser
2022-05-16 22:05:369 INFO  HomePage :91 - Click on 'Computer' tab <br>
2022-05-16 22:05:931 INFO  HomePage :37 - Get pageTitle text : Computers<br>
2022-05-16 22:05:388 INFO  ManageDriver :30 - Launching Chrome Browser
2022-05-16 22:05:687 INFO  HomePage :91 - Click on 'Computer' tab <br>
2022-05-16 22:05:740 INFO  HomePage :44 - Click on 'Desktops' link <br>
2022-05-16 22:05:792 INFO  HomePage :37 - Get pageTitle text : Desktops<br>
2022-05-16 22:05:837 INFO  ManageDriver :30 - Launching Chrome Browser
2022-05-16 22:05:815 INFO  HomePage :91 - Click on 'Computer' tab <br>
2022-05-16 22:05:292 INFO  HomePage :44 - Click on 'Desktops' link <br>
2022-05-16 22:05:176 INFO  HomePage :60 - Click on product 'Build your own computer' : Build your own computer<br>
2022-05-16 22:05:914 INFO  HomePage :68 - Select processor '2.2 GHz Intel Pentium Dual-Core E2200'<br>
2022-05-16 22:05:43 INFO  HomePage :73 - Select RAM '2 GB'<br>
2022-05-16 22:05:149 INFO  HomePage :80 - Select HDD '320 GB'<br>
2022-05-16 22:05:290 INFO  HomePage :90 - Select HDD 'Vista Home [+$50.00]'<br>
2022-05-16 22:05:451 INFO  HomePage :100 - Select Software '[[ChromeDriver: chrome on WINDOWS (4156ee50f441d09687cbcf9624b4a1ec)] -> xpath: //dd[@id='product_attribute_input_5']//li/label]'<br>
2022-05-16 22:05:574 INFO  HomePage :108 - Click on 'ADD TO CART' Button<br>
2022-05-16 22:05:515 INFO  HomePage :113 - Get productAdded Message : The product has been added to your shopping cart<br>
2022-05-16 22:05:742 INFO  ManageDriver :30 - Launching Chrome Browser
2022-05-16 22:05:05 INFO  HomePage :91 - Click on 'Computer' tab <br>
2022-05-16 22:05:255 INFO  HomePage :44 - Click on 'Desktops' link <br>
2022-05-16 22:05:113 INFO  HomePage :60 - Click on product 'Build your own computer' : Build your own computer<br>
2022-05-16 22:05:430 INFO  HomePage :68 - Select processor '2.5 GHz Intel Pentium Dual-Core E2200 [+$15.00]'<br>
2022-05-16 22:05:543 INFO  HomePage :73 - Select RAM '4GB [+$20.00]'<br>
2022-05-16 22:05:675 INFO  HomePage :80 - Select HDD '400 GB [+$100.00]'<br>
2022-05-16 22:05:850 INFO  HomePage :90 - Select HDD 'Vista Premium [+$60.00]'<br>
2022-05-16 22:05:03 INFO  HomePage :100 - Select Software '[[ChromeDriver: chrome on WINDOWS (d50cb4000b0fbe6c83a913caf3d3a3d0)] -> xpath: //dd[@id='product_attribute_input_5']//li/label]'<br>
2022-05-16 22:05:144 INFO  HomePage :108 - Click on 'ADD TO CART' Button<br>
2022-05-16 22:05:470 INFO  HomePage :113 - Get productAdded Message : The product has been added to your shopping cart<br>
2022-05-16 22:05:681 INFO  ManageDriver :30 - Launching Chrome Browser
2022-05-16 22:05:314 INFO  HomePage :91 - Click on 'Computer' tab <br>
2022-05-16 22:05:477 INFO  HomePage :44 - Click on 'Desktops' link <br>
2022-05-16 22:05:277 INFO  HomePage :60 - Click on product 'Build your own computer' : Build your own computer<br>
2022-05-16 22:05:611 INFO  HomePage :68 - Select processor '2.5 GHz Intel Pentium Dual-Core E2200 [+$15.00]'<br>
2022-05-16 22:05:717 INFO  HomePage :73 - Select RAM '8GB [+$60.00]'<br>
2022-05-16 22:05:838 INFO  HomePage :80 - Select HDD '320 GB'<br>
2022-05-16 22:05:38 INFO  HomePage :100 - Select Software '[[ChromeDriver: chrome on WINDOWS (d480bfbbc016ff35fca7349dd0cefd8e)] -> xpath: //dd[@id='product_attribute_input_5']//li/label]'<br>
2022-05-16 22:05:151 INFO  HomePage :108 - Click on 'ADD TO CART' Button<br>
2022-05-16 22:05:486 INFO  HomePage :113 - Get productAdded Message : The product has been added to your shopping cart<br>
2022-05-16 22:05:446 INFO  ManageDriver :30 - Launching Chrome Browser
2022-05-16 22:05:708 INFO  HomePage :50 - Clicking on login link Log in<br>
2022-05-16 22:05:847 INFO  LoginPage :44 - Getting welcome text Welcome, Please Sign In!<br>
2022-05-16 22:05:734 INFO  ManageDriver :30 - Launching Chrome Browser
2022-05-16 22:05:241 INFO  HomePage :50 - Clicking on login link Log in<br>
2022-05-16 22:05:421 INFO  LoginPage :50 - Enter email primefivetest@yahoo.com to email field <br>
2022-05-16 22:05:542 INFO  LoginPage :55 - Enter password abc123 to password field <br>
2022-05-16 22:05:200 INFO  LoginPage :60 - Clicking on Login Button <br>
2022-05-16 22:05:283 INFO  LoginPage :65 - Getting error message : Login was unsuccessful. Please correct the errors and try again.
No customer account found<br>
2022-05-16 22:05:197 INFO  ManageDriver :30 - Launching Chrome Browser
2022-05-16 22:05:161 INFO  HomePage :50 - Clicking on login link Log in<br>
2022-05-16 22:05:315 INFO  LoginPage :50 - Enter email primefivetest@yahoo.com to email field <br>
2022-05-16 22:05:463 INFO  LoginPage :55 - Enter password abc123 to password field <br>
2022-05-16 22:05:22 INFO  LoginPage :60 - Clicking on Login Button <br>
2022-05-16 22:05:703 INFO  ManageDriver :30 - Launching Chrome Browser
2022-05-16 22:05:883 INFO  HomePage :61 - Clicking on register link Register<br>
2022-05-16 22:05:631 INFO  LoginPage :83 - Get registerText : Register<br>
2022-05-16 22:05:603 INFO  ManageDriver :30 - Launching Chrome Browser
2022-05-16 22:05:741 INFO  HomePage :61 - Clicking on register link Register<br>
2022-05-16 22:05:89 INFO  ManageDriver :30 - Launching Chrome Browser
2022-05-16 22:05:276 INFO  HomePage :61 - Clicking on register link Register<br>
2022-05-16 22:05:832 INFO  LoginPage :90 - Select 'Male' radio button<br>
2022-05-16 22:05:128 INFO  LoginPage :99 - Enter Firstname : 'Nirav' to firstName field<br>
2022-05-16 22:05:242 INFO  LoginPage :104 - Enter Lastname : 'shah' to lastName field<br>
2022-05-16 22:05:592 INFO  LoginPage :111 - Select day : '25', month : 'January', year : '2018'<br>
2022-05-16 22:05:753 INFO  LoginPage :116 - Enter Email : 'Nirav456789@gmail.com' to email field<br>
2022-05-16 22:05:865 INFO  LoginPage :121 - Enter Password : 'Ni45678' to password field<br>
2022-05-16 22:05:06 INFO  LoginPage :126 - Enter Confirm password : 'Ni45678' to confirm password field<br>
2022-05-16 22:05:11 INFO  LoginPage :130 - Click on 'REGISTER' button<br>
2022-05-16 22:05:26 INFO  LoginPage :148 - Get your reg completed text : Your registration completed<br>
2022-05-16 22:05:510 INFO  ManageDriver :30 - Launching Chrome Browser
2022-05-16 22:05:982 INFO  HomePage :91 - Click on 'Computer' tab <br>
2022-05-16 22:05:109 INFO  HomePage :37 - Get pageTitle text : Computers<br>
2022-05-16 22:05:349 INFO  ManageDriver :30 - Launching Chrome Browser
2022-05-16 22:05:02 INFO  HomePage :91 - Click on 'Computer' tab <br>
2022-05-16 22:05:236 INFO  HomePage :44 - Click on 'Desktops' link <br>
2022-05-16 22:05:65 INFO  HomePage :37 - Get pageTitle text : Desktops<br>
2022-05-16 22:05:203 INFO  ManageDriver :30 - Launching Chrome Browser
2022-05-16 22:05:580 INFO  HomePage :91 - Click on 'Computer' tab <br>
2022-05-16 22:05:723 INFO  HomePage :44 - Click on 'Desktops' link <br>
2022-05-16 22:05:589 INFO  HomePage :60 - Click on product 'Build your own computer' : Build your own computer<br>
2022-05-16 22:05:641 INFO  HomePage :68 - Select processor '2.2 GHz Intel Pentium Dual-Core E2200'<br>
2022-05-16 22:05:821 INFO  HomePage :73 - Select RAM '2 GB'<br>
2022-05-16 22:05:983 INFO  HomePage :80 - Select HDD '320 GB'<br>
2022-05-16 22:05:113 INFO  HomePage :90 - Select HDD 'Vista Home [+$50.00]'<br>
2022-05-16 22:05:308 INFO  HomePage :100 - Select Software '[[ChromeDriver: chrome on WINDOWS (3d60650cc47548c2f632f8097bb56ce8)] -> xpath: //dd[@id='product_attribute_input_5']//li/label]'<br>
2022-05-16 22:05:438 INFO  HomePage :108 - Click on 'ADD TO CART' Button<br>
2022-05-16 22:05:406 INFO  HomePage :113 - Get productAdded Message : The product has been added to your shopping cart<br>
2022-05-16 22:05:453 INFO  ManageDriver :30 - Launching Chrome Browser
2022-05-16 22:05:556 INFO  HomePage :91 - Click on 'Computer' tab <br>
2022-05-16 22:05:758 INFO  HomePage :44 - Click on 'Desktops' link <br>
2022-05-16 22:05:719 INFO  HomePage :60 - Click on product 'Build your own computer' : Build your own computer<br>
2022-05-16 22:05:382 INFO  HomePage :68 - Select processor '2.5 GHz Intel Pentium Dual-Core E2200 [+$15.00]'<br>
2022-05-16 22:05:467 INFO  HomePage :73 - Select RAM '4GB [+$20.00]'<br>
2022-05-16 22:05:602 INFO  HomePage :80 - Select HDD '400 GB [+$100.00]'<br>
2022-05-16 22:05:769 INFO  HomePage :90 - Select HDD 'Vista Premium [+$60.00]'<br>
2022-05-16 22:05:902 INFO  HomePage :100 - Select Software '[[ChromeDriver: chrome on WINDOWS (2f85476ec96a9933e64839434c6d59c2)] -> xpath: //dd[@id='product_attribute_input_5']//li/label]'<br>
2022-05-16 22:05:995 INFO  HomePage :108 - Click on 'ADD TO CART' Button<br>
2022-05-16 22:05:373 INFO  HomePage :113 - Get productAdded Message : The product has been added to your shopping cart<br>
2022-05-16 22:05:318 INFO  ManageDriver :30 - Launching Chrome Browser
2022-05-16 22:05:388 INFO  HomePage :91 - Click on 'Computer' tab <br>
2022-05-16 22:05:545 INFO  HomePage :44 - Click on 'Desktops' link <br>
2022-05-16 22:05:484 INFO  HomePage :60 - Click on product 'Build your own computer' : Build your own computer<br>
2022-05-16 22:05:848 INFO  HomePage :68 - Select processor '2.5 GHz Intel Pentium Dual-Core E2200 [+$15.00]'<br>
2022-05-16 22:05:968 INFO  HomePage :73 - Select RAM '8GB [+$60.00]'<br>
2022-05-16 22:05:70 INFO  HomePage :80 - Select HDD '320 GB'<br>
2022-05-16 22:05:311 INFO  HomePage :100 - Select Software '[[ChromeDriver: chrome on WINDOWS (1c9030b85c3efc5fe136cc0ee4706bca)] -> xpath: //dd[@id='product_attribute_input_5']//li/label]'<br>
2022-05-16 22:05:414 INFO  HomePage :108 - Click on 'ADD TO CART' Button<br>
2022-05-16 22:05:449 INFO  HomePage :113 - Get productAdded Message : The product has been added to your shopping cart<br>
2022-05-16 22:05:588 INFO  ManageDriver :30 - Launching Chrome Browser
2022-05-16 22:05:490 INFO  HomePage :50 - Clicking on login link Log in<br>
2022-05-16 22:05:233 INFO  LoginPage :52 - Getting welcome text Welcome, Please Sign In!<br>
2022-05-16 22:05:181 INFO  ManageDriver :30 - Launching Chrome Browser
2022-05-16 22:05:241 INFO  HomePage :50 - Clicking on login link Log in<br>
2022-05-16 22:05:202 INFO  LoginPage :58 - Enter email primefivetest@yahoo.com to email field <br>
2022-05-16 22:05:342 INFO  LoginPage :63 - Enter password abc123 to password field <br>
2022-05-16 22:05:888 INFO  LoginPage :68 - Clicking on Login Button <br>
2022-05-16 22:05:970 INFO  LoginPage :73 - Getting error message : Login was unsuccessful. Please correct the errors and try again.
No customer account found<br>
2022-05-16 22:05:830 INFO  ManageDriver :30 - Launching Chrome Browser
2022-05-16 22:05:943 INFO  HomePage :50 - Clicking on login link Log in<br>
2022-05-16 22:05:847 INFO  LoginPage :58 - Enter email primefivetest@yahoo.com to email field <br>
2022-05-16 22:05:03 INFO  LoginPage :63 - Enter password abc123 to password field <br>
2022-05-16 22:05:554 INFO  LoginPage :68 - Clicking on Login Button <br>
2022-05-16 22:05:104 INFO  ManageDriver :30 - Launching Chrome Browser
2022-05-16 22:05:843 INFO  HomePage :50 - Clicking on login link Log in<br>
2022-05-16 22:05:152 INFO  LoginPage :58 - Enter email kag2@gmail.com to email field <br>
2022-05-16 22:05:542 INFO  LoginPage :63 - Enter password kag123 to password field <br>
2022-05-16 22:05:117 INFO  LoginPage :68 - Clicking on Login Button <br>
2022-05-16 22:05:416 INFO  ManageDriver :30 - Launching Chrome Browser
2022-05-16 22:05:219 INFO  HomePage :61 - Clicking on register link Register<br>
2022-05-16 22:05:499 INFO  LoginPage :83 - Get registerText : Register<br>
2022-05-16 22:05:791 INFO  ManageDriver :30 - Launching Chrome Browser
2022-05-16 22:05:489 INFO  HomePage :61 - Clicking on register link Register<br>
2022-05-16 22:05:538 INFO  ManageDriver :30 - Launching Chrome Browser
2022-05-16 22:05:289 INFO  HomePage :61 - Clicking on register link Register<br>
2022-05-16 22:05:434 INFO  LoginPage :90 - Select 'Male' radio button<br>
2022-05-16 22:05:710 INFO  LoginPage :99 - Enter Firstname : 'Nirav' to firstName field<br>
2022-05-16 22:05:836 INFO  LoginPage :104 - Enter Lastname : 'shah' to lastName field<br>
2022-05-16 22:05:218 INFO  LoginPage :111 - Select day : '25', month : 'January', year : '2018'<br>
2022-05-16 22:05:366 INFO  LoginPage :116 - Enter Email : 'Nirav456789@gmail.com' to email field<br>
2022-05-16 22:05:488 INFO  LoginPage :121 - Enter Password : 'Ni45678' to password field<br>
2022-05-16 22:05:636 INFO  LoginPage :126 - Enter Confirm password : 'Ni45678' to confirm password field<br>
2022-05-16 22:05:643 INFO  LoginPage :130 - Click on 'REGISTER' button<br>
2022-05-16 22:05:545 INFO  ManageDriver :30 - Launching Chrome Browser
2022-05-16 22:05:138 INFO  HomePage :91 - Click on 'Computer' tab <br>
2022-05-16 22:05:494 INFO  HomePage :37 - Get pageTitle text : Computers<br>
2022-05-16 22:05:534 INFO  ManageDriver :30 - Launching Chrome Browser
2022-05-16 22:05:348 INFO  HomePage :91 - Click on 'Computer' tab <br>
2022-05-16 22:05:826 INFO  HomePage :44 - Click on 'Desktops' link <br>
2022-05-16 22:05:908 INFO  HomePage :37 - Get pageTitle text : Desktops<br>
2022-05-16 22:05:932 INFO  ManageDriver :30 - Launching Chrome Browser
2022-05-16 22:05:775 INFO  HomePage :91 - Click on 'Computer' tab <br>
2022-05-16 22:05:442 INFO  HomePage :44 - Click on 'Desktops' link <br>
2022-05-16 22:05:639 INFO  HomePage :60 - Click on product 'Build your own computer' : Build your own computer<br>
2022-05-16 22:05:998 INFO  HomePage :68 - Select processor '2.2 GHz Intel Pentium Dual-Core E2200'<br>
2022-05-16 22:05:209 INFO  HomePage :73 - Select RAM '2 GB'<br>
2022-05-16 22:05:426 INFO  HomePage :80 - Select HDD '320 GB'<br>
2022-05-16 22:05:598 INFO  HomePage :90 - Select HDD 'Vista Home [+$50.00]'<br>
2022-05-16 22:05:781 INFO  HomePage :100 - Select Software '[[ChromeDriver: chrome on WINDOWS (e16c7492471ebd28104c429239d9cd66)] -> xpath: //dd[@id='product_attribute_input_5']//li/label]'<br>
2022-05-16 22:05:944 INFO  HomePage :108 - Click on 'ADD TO CART' Button<br>
2022-05-16 22:05:378 INFO  HomePage :113 - Get productAdded Message : The product has been added to your shopping cart<br>
2022-05-16 22:05:484 INFO  ManageDriver :30 - Launching Chrome Browser
2022-05-16 22:05:767 INFO  HomePage :91 - Click on 'Computer' tab <br>
2022-05-16 22:05:179 INFO  HomePage :44 - Click on 'Desktops' link <br>
2022-05-16 22:05:742 INFO  HomePage :60 - Click on product 'Build your own computer' : Build your own computer<br>
2022-05-16 22:05:331 INFO  HomePage :68 - Select processor '2.5 GHz Intel Pentium Dual-Core E2200 [+$15.00]'<br>
2022-05-16 22:05:514 INFO  HomePage :73 - Select RAM '4GB [+$20.00]'<br>
2022-05-16 22:05:711 INFO  HomePage :80 - Select HDD '400 GB [+$100.00]'<br>
2022-05-16 22:05:940 INFO  HomePage :90 - Select HDD 'Vista Premium [+$60.00]'<br>
2022-05-16 22:05:136 INFO  HomePage :100 - Select Software '[[ChromeDriver: chrome on WINDOWS (1cbcd0ab990529f82f9f0fdf05bd2a68)] -> xpath: //dd[@id='product_attribute_input_5']//li/label]'<br>
2022-05-16 22:05:297 INFO  HomePage :108 - Click on 'ADD TO CART' Button<br>
2022-05-16 22:05:588 INFO  HomePage :113 - Get productAdded Message : The product has been added to your shopping cart<br>
2022-05-16 22:05:696 INFO  ManageDriver :30 - Launching Chrome Browser
2022-05-16 22:05:776 INFO  HomePage :91 - Click on 'Computer' tab <br>
2022-05-16 22:05:785 INFO  HomePage :44 - Click on 'Desktops' link <br>
2022-05-16 22:05:705 INFO  HomePage :60 - Click on product 'Build your own computer' : Build your own computer<br>
2022-05-16 22:05:74 INFO  HomePage :68 - Select processor '2.5 GHz Intel Pentium Dual-Core E2200 [+$15.00]'<br>
2022-05-16 22:05:256 INFO  HomePage :73 - Select RAM '8GB [+$60.00]'<br>
2022-05-16 22:05:453 INFO  HomePage :80 - Select HDD '320 GB'<br>
2022-05-16 22:05:797 INFO  HomePage :100 - Select Software '[[ChromeDriver: chrome on WINDOWS (0c048fdfd17b362df4625c479beaa2d2)] -> xpath: //dd[@id='product_attribute_input_5']//li/label]'<br>
2022-05-16 22:05:920 INFO  HomePage :108 - Click on 'ADD TO CART' Button<br>
2022-05-16 22:05:871 INFO  HomePage :113 - Get productAdded Message : The product has been added to your shopping cart<br>
2022-05-16 22:05:962 INFO  ManageDriver :30 - Launching Chrome Browser
2022-05-16 22:05:914 INFO  HomePage :50 - Clicking on login link Log in<br>
2022-05-16 22:05:763 INFO  LoginPage :52 - Getting welcome text Welcome, Please Sign In!<br>
2022-05-16 22:05:844 INFO  ManageDriver :30 - Launching Chrome Browser
2022-05-16 22:05:94 INFO  HomePage :50 - Clicking on login link Log in<br>
2022-05-16 22:05:991 INFO  LoginPage :58 - Enter email prime124@gmail.com to email field <br>
2022-05-16 22:05:151 INFO  LoginPage :63 - Enter password prime123 to password field <br>
2022-05-16 22:05:793 INFO  LoginPage :68 - Clicking on Login Button <br>
2022-05-16 22:05:886 INFO  LoginPage :73 - Getting error message : Login was unsuccessful. Please correct the errors and try again.
No customer account found<br>
2022-05-16 22:05:781 INFO  ManageDriver :30 - Launching Chrome Browser
2022-05-16 22:05:813 INFO  HomePage :50 - Clicking on login link Log in<br>
2022-05-16 22:05:941 INFO  LoginPage :58 - Enter email prime123@gmail.com to email field <br>
2022-05-16 22:05:102 INFO  LoginPage :63 - Enter password prime145 to password field <br>
2022-05-16 22:05:762 INFO  LoginPage :68 - Clicking on Login Button <br>
2022-05-16 22:05:847 INFO  LoginPage :73 - Getting error message : Login was unsuccessful. Please correct the errors and try again.
No customer account found<br>
2022-05-16 22:05:844 INFO  ManageDriver :30 - Launching Chrome Browser
2022-05-16 22:05:272 INFO  HomePage :50 - Clicking on login link Log in<br>
2022-05-16 22:05:207 INFO  LoginPage :58 - Enter email prime123@gmail.com to email field <br>
2022-05-16 22:05:353 INFO  LoginPage :63 - Enter password  to password field <br>
2022-05-16 22:05:25 INFO  LoginPage :68 - Clicking on Login Button <br>
2022-05-16 22:05:102 INFO  LoginPage :73 - Getting error message : Login was unsuccessful. Please correct the errors and try again.
No customer account found<br>
2022-05-16 22:05:156 INFO  ManageDriver :30 - Launching Chrome Browser
2022-05-16 22:05:984 INFO  HomePage :50 - Clicking on login link Log in<br>
2022-05-16 22:05:846 INFO  LoginPage :58 - Enter email kag2@gmail.com to email field <br>
2022-05-16 22:05:53 INFO  LoginPage :63 - Enter password kag123 to password field <br>
2022-05-16 22:05:720 INFO  LoginPage :68 - Clicking on Login Button <br>
2022-05-16 22:05:460 INFO  ManageDriver :30 - Launching Chrome Browser
2022-05-16 22:05:390 INFO  HomePage :50 - Clicking on login link Log in<br>
2022-05-16 22:05:456 INFO  LoginPage :58 - Enter email kag2@gmail.com to email field <br>
2022-05-16 22:05:653 INFO  LoginPage :63 - Enter password kag123 to password field <br>
2022-05-16 22:05:255 INFO  LoginPage :68 - Clicking on Login Button <br>
2022-05-16 22:05:443 INFO  ManageDriver :30 - Launching Chrome Browser
2022-05-16 22:05:786 INFO  HomePage :61 - Clicking on register link Register<br>
2022-05-16 22:05:149 INFO  LoginPage :83 - Get registerText : Register<br>
2022-05-16 22:05:138 INFO  ManageDriver :30 - Launching Chrome Browser
2022-05-16 22:05:451 INFO  HomePage :61 - Clicking on register link Register<br>
2022-05-16 22:05:957 INFO  ManageDriver :30 - Launching Chrome Browser
2022-05-16 22:05:230 INFO  HomePage :61 - Clicking on register link Register<br>
2022-05-16 22:05:378 INFO  LoginPage :90 - Select 'Male' radio button<br>
2022-05-16 22:05:622 INFO  LoginPage :99 - Enter Firstname : 'Nirav' to firstName field<br>
2022-05-16 22:05:814 INFO  LoginPage :104 - Enter Lastname : 'shah' to lastName field<br>
2022-05-16 22:05:445 INFO  LoginPage :111 - Select day : '25', month : 'January', year : '2018'<br>
2022-05-16 22:05:647 INFO  LoginPage :116 - Enter Email : 'Nirav456789@gmail.com' to email field<br>
2022-05-16 22:05:799 INFO  LoginPage :121 - Enter Password : 'Ni45678' to password field<br>
2022-05-16 22:05:994 INFO  LoginPage :126 - Enter Confirm password : 'Ni45678' to confirm password field<br>
2022-05-16 22:05:01 INFO  LoginPage :130 - Click on 'REGISTER' button<br>
2022-05-16 22:05:921 INFO  ManageDriver :30 - Launching Chrome Browser
2022-05-16 22:05:939 INFO  HomePage :91 - Click on 'Computer' tab <br>
2022-05-16 22:05:918 INFO  HomePage :37 - Get pageTitle text : Computers<br>
2022-05-16 22:05:451 INFO  ManageDriver :30 - Launching Chrome Browser
2022-05-16 22:05:624 INFO  HomePage :91 - Click on 'Computer' tab <br>
2022-05-16 22:05:989 INFO  HomePage :44 - Click on 'Desktops' link <br>
2022-05-16 22:05:139 INFO  HomePage :37 - Get pageTitle text : Desktops<br>
2022-05-16 22:05:649 INFO  ManageDriver :30 - Launching Chrome Browser
2022-05-16 22:05:918 INFO  HomePage :91 - Click on 'Computer' tab <br>
2022-05-16 22:05:222 INFO  HomePage :44 - Click on 'Desktops' link <br>
2022-05-16 22:05:231 INFO  HomePage :60 - Click on product 'Build your own computer' : Build your own computer<br>
2022-05-16 22:05:251 INFO  HomePage :68 - Select processor '2.2 GHz Intel Pentium Dual-Core E2200'<br>
2022-05-16 22:05:438 INFO  HomePage :73 - Select RAM '2 GB'<br>
2022-05-16 22:05:654 INFO  HomePage :80 - Select HDD '320 GB'<br>
2022-05-16 22:05:845 INFO  HomePage :90 - Select HDD 'Vista Home [+$50.00]'<br>
2022-05-16 22:05:37 INFO  HomePage :100 - Select Software '[[ChromeDriver: chrome on WINDOWS (9a316343bf641bd3571459160fd75cc7)] -> xpath: //dd[@id='product_attribute_input_5']//li/label]'<br>
2022-05-16 22:05:188 INFO  HomePage :108 - Click on 'ADD TO CART' Button<br>
2022-05-16 22:05:182 INFO  HomePage :113 - Get productAdded Message : The product has been added to your shopping cart<br>
2022-05-16 22:05:273 INFO  ManageDriver :30 - Launching Chrome Browser
2022-05-16 22:05:15 INFO  HomePage :91 - Click on 'Computer' tab <br>
2022-05-16 22:05:170 INFO  HomePage :44 - Click on 'Desktops' link <br>
2022-05-16 22:05:220 INFO  HomePage :60 - Click on product 'Build your own computer' : Build your own computer<br>
2022-05-16 22:05:957 INFO  HomePage :68 - Select processor '2.5 GHz Intel Pentium Dual-Core E2200 [+$15.00]'<br>
2022-05-16 22:05:130 INFO  HomePage :73 - Select RAM '4GB [+$20.00]'<br>
2022-05-16 22:05:292 INFO  HomePage :80 - Select HDD '400 GB [+$100.00]'<br>
2022-05-16 22:05:526 INFO  HomePage :90 - Select HDD 'Vista Premium [+$60.00]'<br>
2022-05-16 22:05:730 INFO  HomePage :100 - Select Software '[[ChromeDriver: chrome on WINDOWS (4a6017785f2cfe98443f9b5d3c7a8ca2)] -> xpath: //dd[@id='product_attribute_input_5']//li/label]'<br>
2022-05-16 22:05:897 INFO  HomePage :108 - Click on 'ADD TO CART' Button<br>
2022-05-16 22:05:883 INFO  HomePage :113 - Get productAdded Message : The product has been added to your shopping cart<br>
2022-05-16 22:05:918 INFO  ManageDriver :30 - Launching Chrome Browser
2022-05-16 22:05:881 INFO  HomePage :91 - Click on 'Computer' tab <br>
2022-05-16 22:05:881 INFO  HomePage :44 - Click on 'Desktops' link <br>
2022-05-16 22:05:765 INFO  HomePage :60 - Click on product 'Build your own computer' : Build your own computer<br>
2022-05-16 22:05:03 INFO  HomePage :68 - Select processor '2.5 GHz Intel Pentium Dual-Core E2200 [+$15.00]'<br>
2022-05-16 22:05:197 INFO  HomePage :73 - Select RAM '8GB [+$60.00]'<br>
2022-05-16 22:05:407 INFO  HomePage :80 - Select HDD '320 GB'<br>
2022-05-16 22:05:731 INFO  HomePage :100 - Select Software '[[ChromeDriver: chrome on WINDOWS (8ce828731aa461b7187cae07536ca731)] -> xpath: //dd[@id='product_attribute_input_5']//li/label]'<br>
2022-05-16 22:05:925 INFO  HomePage :108 - Click on 'ADD TO CART' Button<br>
2022-05-16 22:05:925 INFO  HomePage :113 - Get productAdded Message : The product has been added to your shopping cart<br>
2022-05-16 22:05:986 INFO  ManageDriver :30 - Launching Chrome Browser
2022-05-16 22:05:229 INFO  HomePage :50 - Clicking on login link Log in<br>
2022-05-16 22:05:122 INFO  LoginPage :52 - Getting welcome text Welcome, Please Sign In!<br>
2022-05-16 22:05:83 INFO  ManageDriver :30 - Launching Chrome Browser
2022-05-16 22:05:403 INFO  HomePage :50 - Clicking on login link Log in<br>
2022-05-16 22:05:293 INFO  LoginPage :58 - Enter email prime1524@gmail.com to email field <br>
2022-05-16 22:05:442 INFO  LoginPage :63 - Enter password prime123 to password field <br>
2022-05-16 22:05:126 INFO  LoginPage :68 - Clicking on Login Button <br>
2022-05-16 22:05:233 INFO  LoginPage :73 - Getting error message : Login was unsuccessful. Please correct the errors and try again.
No customer account found<br>
2022-05-16 22:05:75 INFO  ManageDriver :30 - Launching Chrome Browser
2022-05-16 22:05:74 INFO  HomePage :50 - Clicking on login link Log in<br>
2022-05-16 22:05:980 INFO  LoginPage :58 - Enter email prime1253@gmail.com to email field <br>
2022-05-16 22:05:181 INFO  LoginPage :63 - Enter password prime145 to password field <br>
2022-05-16 22:05:777 INFO  LoginPage :68 - Clicking on Login Button <br>
2022-05-16 22:05:854 INFO  LoginPage :73 - Getting error message : Login was unsuccessful. Please correct the errors and try again.
No customer account found<br>
2022-05-16 22:05:731 INFO  ManageDriver :30 - Launching Chrome Browser
2022-05-16 22:05:502 INFO  HomePage :50 - Clicking on login link Log in<br>
2022-05-16 22:05:363 INFO  LoginPage :58 - Enter email prime1253@gmail.com to email field <br>
2022-05-16 22:05:569 INFO  LoginPage :63 - Enter password  to password field <br>
2022-05-16 22:05:279 INFO  LoginPage :68 - Clicking on Login Button <br>
2022-05-16 22:05:371 INFO  LoginPage :73 - Getting error message : Login was unsuccessful. Please correct the errors and try again.
No customer account found<br>
2022-05-16 22:05:311 INFO  ManageDriver :30 - Launching Chrome Browser
2022-05-16 22:05:106 INFO  HomePage :50 - Clicking on login link Log in<br>
2022-05-16 22:05:135 INFO  LoginPage :58 - Enter email raj2@gmail.com to email field <br>
2022-05-16 22:05:312 INFO  LoginPage :63 - Enter password kag123 to password field <br>
2022-05-16 22:05:14 INFO  LoginPage :68 - Clicking on Login Button <br>
2022-05-16 22:05:524 INFO  ManageDriver :30 - Launching Chrome Browser
2022-05-16 22:05:312 INFO  HomePage :50 - Clicking on login link Log in<br>
2022-05-16 22:05:417 INFO  LoginPage :58 - Enter email raj2@gmail.com to email field <br>
2022-05-16 22:05:590 INFO  LoginPage :63 - Enter password kag123 to password field <br>
2022-05-16 22:05:280 INFO  LoginPage :68 - Clicking on Login Button <br>
2022-05-16 22:05:849 INFO  ManageDriver :30 - Launching Chrome Browser
2022-05-16 22:05:883 INFO  HomePage :61 - Clicking on register link Register<br>
2022-05-16 22:05:214 INFO  LoginPage :83 - Get registerText : Register<br>
2022-05-16 22:05:416 INFO  ManageDriver :30 - Launching Chrome Browser
2022-05-16 22:05:495 INFO  HomePage :61 - Clicking on register link Register<br>
2022-05-16 22:05:776 INFO  ManageDriver :30 - Launching Chrome Browser
2022-05-16 22:05:191 INFO  HomePage :61 - Clicking on register link Register<br>
2022-05-16 22:05:225 INFO  LoginPage :90 - Select 'Male' radio button<br>
2022-05-16 22:05:554 INFO  LoginPage :99 - Enter Firstname : 'Nirav' to firstName field<br>
2022-05-16 22:05:766 INFO  LoginPage :104 - Enter Lastname : 'shah' to lastName field<br>
2022-05-16 22:05:266 INFO  LoginPage :111 - Select day : '25', month : 'January', year : '2018'<br>
2022-05-16 22:05:466 INFO  LoginPage :116 - Enter Email : 'Nirav456789@gmail.com' to email field<br>
2022-05-16 22:05:635 INFO  LoginPage :121 - Enter Password : 'Ni45678' to password field<br>
2022-05-16 22:05:831 INFO  LoginPage :126 - Enter Confirm password : 'Ni45678' to confirm password field<br>
2022-05-16 22:05:839 INFO  LoginPage :130 - Click on 'REGISTER' button<br>
2022-05-16 22:05:260 INFO  ManageDriver :30 - Launching Chrome Browser
2022-05-16 22:05:42 INFO  HomePage :50 - Clicking on login link Log in<br>
2022-05-16 22:05:555 INFO  LoginPage :58 - Enter email raj12@gmail.com to email field <br>
2022-05-16 22:05:868 INFO  LoginPage :63 - Enter password kag123 to password field <br>
2022-05-16 22:05:182 INFO  LoginPage :68 - Clicking on Login Button <br>
2022-05-16 23:05:224 INFO  ManageDriver :30 - Launching Chrome Browser
2022-05-16 23:05:13 INFO  HomePage :61 - Clicking on register link Register<br>
2022-05-16 23:05:605 INFO  LoginPage :83 - Get registerText : Register<br>
2022-05-16 23:05:214 INFO  ManageDriver :30 - Launching Chrome Browser
2022-05-16 23:05:455 INFO  HomePage :61 - Clicking on register link Register<br>
2022-05-16 23:05:419 INFO  ManageDriver :30 - Launching Chrome Browser
2022-05-16 23:05:977 INFO  HomePage :61 - Clicking on register link Register<br>
2022-05-16 23:05:284 INFO  LoginPage :90 - Select 'Male' radio button<br>
2022-05-16 23:05:604 INFO  LoginPage :99 - Enter Firstname : 'Nerav' to firstName field<br>
2022-05-16 23:05:794 INFO  LoginPage :104 - Enter Lastname : 'shah' to lastName field<br>
2022-05-16 23:05:224 INFO  LoginPage :111 - Select day : '26', month : 'January', year : '2018'<br>
2022-05-16 23:05:385 INFO  LoginPage :116 - Enter Email : 'Nirav456789@gmail.com' to email field<br>
2022-05-16 23:05:534 INFO  LoginPage :121 - Enter Password : 'Ni45678' to password field<br>
2022-05-16 23:05:691 INFO  LoginPage :126 - Enter Confirm password : 'Ni45678' to confirm password field<br>
2022-05-16 23:05:704 INFO  LoginPage :130 - Click on 'REGISTER' button<br>
2022-05-16 23:05:55 INFO  ManageDriver :30 - Launching Chrome Browser
2022-05-16 23:05:481 INFO  HomePage :50 - Clicking on login link Log in<br>
2022-05-16 23:05:785 INFO  LoginPage :58 - Enter email raj12@gmail.com to email field <br>
2022-05-16 23:05:85 INFO  LoginPage :63 - Enter password kag123 to password field <br>
2022-05-16 23:05:959 INFO  LoginPage :68 - Clicking on Login Button <br>
2022-05-16 23:05:443 INFO  ManageDriver :30 - Launching Chrome Browser
2022-05-16 23:05:964 INFO  HomePage :50 - Clicking on login link Log in<br>
2022-05-16 23:05:886 INFO  LoginPage :58 - Enter email raj123@gmail.com to email field <br>
2022-05-16 23:05:27 INFO  LoginPage :63 - Enter password kag123 to password field <br>
2022-05-16 23:05:296 INFO  LoginPage :68 - Clicking on Login Button <br>
2022-05-17 09:05:258 INFO  ManageDriver :30 - Launching Chrome Browser
2022-05-17 09:05:527 INFO  HomePage :91 - Click on 'Computer' tab <br>
2022-05-17 09:05:140 INFO  HomePage :37 - Get pageTitle text : Computers<br>
2022-05-17 09:05:245 INFO  ManageDriver :30 - Launching Chrome Browser
2022-05-17 09:05:20 INFO  HomePage :91 - Click on 'Computer' tab <br>
2022-05-17 09:05:683 INFO  HomePage :37 - Get pageTitle text : Computers<br>
2022-05-17 09:05:530 INFO  ManageDriver :30 - Launching Chrome Browser
2022-05-17 09:05:698 INFO  HomePage :91 - Click on 'Computer' tab <br>
2022-05-17 09:05:357 INFO  HomePage :44 - Click on 'Desktops' link <br>
2022-05-17 09:05:887 INFO  HomePage :37 - Get pageTitle text : Desktops<br>
2022-05-17 09:05:633 INFO  ManageDriver :30 - Launching Chrome Browser
2022-05-17 09:05:744 INFO  HomePage :91 - Click on 'Computer' tab <br>
2022-05-17 09:05:369 INFO  HomePage :44 - Click on 'Desktops' link <br>
2022-05-17 09:05:880 INFO  HomePage :60 - Click on product 'Build your own computer' : Build your own computer<br>
2022-05-17 09:05:831 INFO  HomePage :68 - Select processor '2.2 GHz Intel Pentium Dual-Core E2200'<br>
2022-05-17 09:05:14 INFO  HomePage :73 - Select RAM '2 GB'<br>
2022-05-17 09:05:89 INFO  HomePage :80 - Select HDD '320 GB'<br>
2022-05-17 09:05:177 INFO  HomePage :90 - Select HDD 'Vista Home [+$50.00]'<br>
2022-05-17 09:05:258 INFO  HomePage :100 - Select Software '[[ChromeDriver: chrome on WINDOWS (d7c0c50a6d6b20e2c6647112ce162232)] -> xpath: //dd[@id='product_attribute_input_5']//li/label]'<br>
2022-05-17 09:05:323 INFO  HomePage :108 - Click on 'ADD TO CART' Button<br>
2022-05-17 09:05:615 INFO  HomePage :113 - Get productAdded Message : The product has been added to your shopping cart<br>
2022-05-17 09:05:359 INFO  ManageDriver :30 - Launching Chrome Browser
2022-05-17 09:05:349 INFO  HomePage :91 - Click on 'Computer' tab <br>
2022-05-17 09:05:921 INFO  HomePage :44 - Click on 'Desktops' link <br>
2022-05-17 09:05:438 INFO  HomePage :60 - Click on product 'Build your own computer' : Build your own computer<br>
2022-05-17 09:05:353 INFO  HomePage :68 - Select processor '2.5 GHz Intel Pentium Dual-Core E2200 [+$15.00]'<br>
2022-05-17 09:05:442 INFO  HomePage :73 - Select RAM '4GB [+$20.00]'<br>
2022-05-17 09:05:539 INFO  HomePage :80 - Select HDD '400 GB [+$100.00]'<br>
2022-05-17 09:05:626 INFO  HomePage :90 - Select HDD 'Vista Premium [+$60.00]'<br>
2022-05-17 09:05:747 INFO  HomePage :100 - Select Software '[[ChromeDriver: chrome on WINDOWS (cdba7ef3878eb4c9fa9ceb0d931cb9d9)] -> xpath: //dd[@id='product_attribute_input_5']//li/label]'<br>
2022-05-17 09:05:823 INFO  HomePage :108 - Click on 'ADD TO CART' Button<br>
2022-05-17 09:05:121 INFO  HomePage :113 - Get productAdded Message : The product has been added to your shopping cart<br>
2022-05-17 09:05:849 INFO  ManageDriver :30 - Launching Chrome Browser
2022-05-17 09:05:828 INFO  HomePage :91 - Click on 'Computer' tab <br>
2022-05-17 09:05:424 INFO  HomePage :44 - Click on 'Desktops' link <br>
2022-05-17 09:05:938 INFO  HomePage :60 - Click on product 'Build your own computer' : Build your own computer<br>
2022-05-17 09:05:772 INFO  HomePage :68 - Select processor '2.5 GHz Intel Pentium Dual-Core E2200 [+$15.00]'<br>
2022-05-17 09:05:853 INFO  HomePage :73 - Select RAM '8GB [+$60.00]'<br>
2022-05-17 09:05:921 INFO  HomePage :80 - Select HDD '320 GB'<br>
2022-05-17 09:05:206 INFO  HomePage :100 - Select Software '[[ChromeDriver: chrome on WINDOWS (4036d7dfbb160ea3d0df8d6f1f03ba78)] -> xpath: //dd[@id='product_attribute_input_5']//li/label]'<br>
2022-05-17 09:05:267 INFO  HomePage :108 - Click on 'ADD TO CART' Button<br>
2022-05-17 09:05:561 INFO  HomePage :113 - Get productAdded Message : The product has been added to your shopping cart<br>
2022-05-17 09:05:611 INFO  ManageDriver :30 - Launching Chrome Browser
2022-05-17 09:05:958 INFO  HomePage :50 - Clicking on login link Log in<br>
2022-05-17 09:05:426 INFO  LoginPage :52 - Getting welcome text Welcome, Please Sign In!<br>
2022-05-17 09:05:715 INFO  ManageDriver :30 - Launching Chrome Browser
2022-05-17 09:05:330 INFO  HomePage :61 - Clicking on register link Register<br>
2022-05-17 09:05:875 INFO  LoginPage :83 - Get registerText : Register<br>
2022-05-17 09:05:642 INFO  ManageDriver :30 - Launching Chrome Browser
2022-05-17 09:05:478 INFO  HomePage :61 - Clicking on register link Register<br>
2022-05-17 09:05:06 INFO  LoginPage :90 - Select 'Male' radio button<br>
2022-05-17 09:05:133 INFO  LoginPage :99 - Enter Firstname : 'Mahi' to firstName field<br>
2022-05-17 09:05:208 INFO  LoginPage :104 - Enter Lastname : 'shah' to lastName field<br>
2022-05-17 09:05:451 INFO  LoginPage :111 - Select day : '26', month : 'January', year : '2018'<br>
2022-05-17 09:05:533 INFO  LoginPage :116 - Enter Email : 'Nirav4567@gmail.com' to email field<br>
2022-05-17 09:05:616 INFO  LoginPage :121 - Enter Password : 'Ni45678' to password field<br>
2022-05-17 09:05:690 INFO  LoginPage :126 - Enter Confirm password : 'Ni45678' to confirm password field<br>
2022-05-17 09:05:697 INFO  LoginPage :130 - Click on 'REGISTER' button<br>
2022-05-17 09:05:443 INFO  LoginPage :148 - Get your reg completed text : Your registration completed<br>
2022-05-17 09:05:146 INFO  ManageDriver :30 - Launching Chrome Browser
2022-05-17 09:05:74 INFO  HomePage :61 - Clicking on register link Register<br>
2022-05-17 09:05:664 INFO  HomePage :61 - Clicking on register link Register<br>
2022-05-17 10:05:937 INFO  ManageDriver :30 - Launching Chrome Browser
2022-05-17 10:05:664 INFO  HomePage :61 - Clicking on register link Register<br>
2022-05-17 10:05:204 INFO  LoginPage :83 - Get registerText : Register<br>
2022-05-17 10:05:523 INFO  ManageDriver :30 - Launching Chrome Browser
2022-05-17 10:05:911 INFO  HomePage :61 - Clicking on register link Register<br>
2022-05-17 10:05:503 INFO  HomePage :61 - Clicking on register link Register<br>
2022-05-17 10:05:492 INFO  ManageDriver :30 - Launching Chrome Browser
2022-05-17 10:05:379 INFO  HomePage :50 - Clicking on login link Log in<br>
2022-05-17 10:05:851 INFO  LoginPage :52 - Getting welcome text Welcome, Please Sign In!<br>
2022-05-17 10:05:570 INFO  ManageDriver :30 - Launching Chrome Browser
2022-05-17 10:05:207 INFO  HomePage :61 - Clicking on register link Register<br>
2022-05-17 10:05:658 INFO  HomePage :61 - Clicking on register link Register<br>
2022-05-17 10:05:318 INFO  ManageDriver :30 - Launching Chrome Browser
2022-05-17 10:05:909 INFO  HomePage :50 - Clicking on login link Log in<br>
2022-05-17 10:05:362 INFO  LoginPage :52 - Getting welcome text Welcome, Please Sign In!<br>
2022-05-17 10:05:380 INFO  ManageDriver :30 - Launching Chrome Browser
2022-05-17 10:05:390 INFO  HomePage :50 - Clicking on login link Log in<br>
2022-05-17 10:05:912 INFO  LoginPage :58 - Enter email prime11524@gmail.com to email field <br>
2022-05-17 10:05:989 INFO  LoginPage :63 - Enter password prime1123 to password field <br>
2022-05-17 10:05:427 INFO  LoginPage :68 - Clicking on Login Button <br>
2022-05-17 10:05:469 INFO  LoginPage :73 - Getting error message : Login was unsuccessful. Please correct the errors and try again.
No customer account found<br>
2022-05-17 10:05:133 INFO  ManageDriver :30 - Launching Chrome Browser
2022-05-17 10:05:133 INFO  HomePage :50 - Clicking on login link Log in<br>
2022-05-17 10:05:724 INFO  LoginPage :58 - Enter email prime11253@gmail.com to email field <br>
2022-05-17 10:05:948 INFO  LoginPage :63 - Enter password prime1145 to password field <br>
2022-05-17 10:05:346 INFO  LoginPage :68 - Clicking on Login Button <br>
2022-05-17 10:05:384 INFO  LoginPage :73 - Getting error message : Login was unsuccessful. Please correct the errors and try again.
No customer account found<br>
2022-05-17 10:05:40 INFO  ManageDriver :30 - Launching Chrome Browser
2022-05-17 10:05:605 INFO  HomePage :50 - Clicking on login link Log in<br>
2022-05-17 10:05:125 INFO  LoginPage :58 - Enter email prime11253@gmail.com to email field <br>
2022-05-17 10:05:196 INFO  LoginPage :63 - Enter password  to password field <br>
2022-05-17 10:05:573 INFO  LoginPage :68 - Clicking on Login Button <br>
2022-05-17 10:05:616 INFO  LoginPage :73 - Getting error message : Login was unsuccessful. Please correct the errors and try again.
No customer account found<br>
2022-05-17 10:05:838 INFO  ManageDriver :30 - Launching Chrome Browser
2022-05-17 10:05:471 INFO  HomePage :50 - Clicking on login link Log in<br>
2022-05-17 10:05:01 INFO  LoginPage :58 - Enter email raj123@gmail.com to email field <br>
2022-05-17 10:05:100 INFO  LoginPage :63 - Enter password kag123 to password field <br>
2022-05-17 10:05:593 INFO  LoginPage :68 - Clicking on Login Button <br>
2022-05-17 10:05:556 INFO  ManageDriver :30 - Launching Chrome Browser
2022-05-17 10:05:260 INFO  HomePage :50 - Clicking on login link Log in<br>
2022-05-17 10:05:804 INFO  LoginPage :58 - Enter email raj123@gmail.com to email field <br>
2022-05-17 10:05:893 INFO  LoginPage :63 - Enter password kag123 to password field <br>
2022-05-17 10:05:310 INFO  LoginPage :68 - Clicking on Login Button <br>
2022-05-17 10:05:480 INFO  ManageDriver :30 - Launching Chrome Browser
2022-05-17 10:05:89 INFO  HomePage :50 - Clicking on login link Log in<br>
2022-05-17 10:05:606 INFO  LoginPage :58 - Enter email Nirav467@gmail.com to email field <br>
2022-05-17 10:05:686 INFO  LoginPage :63 - Enter password kag123 to password field <br>
2022-05-17 10:05:113 INFO  LoginPage :68 - Clicking on Login Button <br>
2022-05-17 10:05:537 INFO  ManageDriver :30 - Launching Chrome Browser
2022-05-17 10:05:278 INFO  HomePage :50 - Clicking on login link Log in<br>
2022-05-17 10:05:749 INFO  LoginPage :52 - Getting welcome text Welcome, Please Sign In!<br>
2022-05-17 10:05:391 INFO  ManageDriver :30 - Launching Chrome Browser
2022-05-17 10:05:00 INFO  HomePage :50 - Clicking on login link Log in<br>
2022-05-17 10:05:528 INFO  LoginPage :58 - Enter email prime11524@gmail.com to email field <br>
2022-05-17 10:05:621 INFO  LoginPage :63 - Enter password prime1123 to password field <br>
2022-05-17 10:05:69 INFO  LoginPage :68 - Clicking on Login Button <br>
2022-05-17 10:05:110 INFO  LoginPage :73 - Getting error message : Login was unsuccessful. Please correct the errors and try again.
No customer account found<br>
2022-05-17 10:05:722 INFO  ManageDriver :30 - Launching Chrome Browser
2022-05-17 10:05:397 INFO  HomePage :50 - Clicking on login link Log in<br>
2022-05-17 10:05:992 INFO  LoginPage :58 - Enter email prime11253@gmail.com to email field <br>
2022-05-17 10:05:93 INFO  LoginPage :63 - Enter password prime1145 to password field <br>
2022-05-17 10:05:538 INFO  LoginPage :68 - Clicking on Login Button <br>
2022-05-17 10:05:576 INFO  LoginPage :73 - Getting error message : Login was unsuccessful. Please correct the errors and try again.
No customer account found<br>
2022-05-17 10:05:273 INFO  ManageDriver :30 - Launching Chrome Browser
2022-05-17 10:05:396 INFO  HomePage :50 - Clicking on login link Log in<br>
2022-05-17 10:05:896 INFO  LoginPage :58 - Enter email prime11253@gmail.com to email field <br>
2022-05-17 10:05:992 INFO  LoginPage :63 - Enter password  to password field <br>
2022-05-17 10:05:409 INFO  LoginPage :68 - Clicking on Login Button <br>
2022-05-17 10:05:446 INFO  LoginPage :73 - Getting error message : Login was unsuccessful. Please correct the errors and try again.
No customer account found<br>
2022-05-17 10:05:71 INFO  ManageDriver :30 - Launching Chrome Browser
2022-05-17 10:05:759 INFO  HomePage :50 - Clicking on login link Log in<br>
2022-05-17 10:05:302 INFO  LoginPage :58 - Enter email Nirav467@gmail.com to email field <br>
2022-05-17 10:05:393 INFO  LoginPage :63 - Enter password kag123 to password field <br>
2022-05-17 10:05:878 INFO  LoginPage :68 - Clicking on Login Button <br>
2022-05-17 10:05:153 INFO  ManageDriver :30 - Launching Chrome Browser
2022-05-17 10:05:936 INFO  HomePage :50 - Clicking on login link Log in<br>
2022-05-17 10:05:526 INFO  LoginPage :58 - Enter email raj123@gmail.com to email field <br>
2022-05-17 10:05:620 INFO  LoginPage :63 - Enter password kag123 to password field <br>
2022-05-17 10:05:66 INFO  LoginPage :68 - Clicking on Login Button <br>
2022-05-17 10:05:131 INFO  ManageDriver :30 - Launching Chrome Browser
2022-05-17 10:05:80 INFO  HomePage :50 - Clicking on login link Log in<br>
2022-05-17 10:05:707 INFO  LoginPage :58 - Enter email Nirav to email field <br>
2022-05-17 10:05:807 INFO  LoginPage :63 - Enter password kag123 to password field <br>
2022-05-17 10:05:881 INFO  LoginPage :68 - Clicking on Login Button <br>
2022-05-17 10:05:340 INFO  ManageDriver :30 - Launching Chrome Browser
2022-05-17 10:05:617 INFO  HomePage :50 - Clicking on login link Log in<br>
2022-05-17 10:05:145 INFO  LoginPage :60 - Enter email Nirav to email field <br>
2022-05-17 10:05:230 INFO  LoginPage :65 - Enter password kag123 to password field <br>
2022-05-17 10:05:676 INFO  LoginPage :70 - Clicking on Login Button <br>
2022-05-17 10:05:80 INFO  ManageDriver :30 - Launching Chrome Browser
2022-05-17 10:05:860 INFO  HomePage :50 - Clicking on login link Log in<br>
2022-05-17 10:05:365 INFO  LoginPage :60 - Enter email raj to email field <br>
2022-05-17 10:05:445 INFO  LoginPage :65 - Enter password kag123 to password field <br>
2022-05-17 10:05:865 INFO  LoginPage :70 - Clicking on Login Button <br>
2022-05-17 11:05:691 INFO  ManageDriver :30 - Launching Chrome Browser
2022-05-17 11:05:931 INFO  HomePage :50 - Clicking on login link Log in<br>
2022-05-17 11:05:515 INFO  LoginPage :60 - Enter email raj to email field <br>
2022-05-17 11:05:574 INFO  LoginPage :65 - Enter password kag123 to password field <br>
2022-05-17 11:05:643 INFO  LoginPage :70 - Clicking on Login Button <br>
2022-05-17 11:05:654 INFO  ManageDriver :30 - Launching Chrome Browser
2022-05-17 11:05:695 INFO  HomePage :50 - Clicking on login link Log in<br>
2022-05-17 11:05:283 INFO  LoginPage :60 - Enter email raj to email field <br>
2022-05-17 11:05:389 INFO  LoginPage :65 - Enter password kag123 to password field <br>
2022-05-17 11:05:851 INFO  LoginPage :70 - Clicking on Login Button <br>
2022-05-17 11:05:466 INFO  ManageDriver :30 - Launching Chrome Browser
2022-05-17 11:05:388 INFO  HomePage :50 - Clicking on login link Log in<br>
2022-05-17 11:05:939 INFO  LoginPage :60 - Enter email prime11524@gmail.com to email field <br>
2022-05-17 11:05:39 INFO  LoginPage :65 - Enter password prime1123 to password field <br>
2022-05-17 11:05:90 INFO  LoginPage :70 - Clicking on Login Button <br>
2022-05-17 11:05:449 INFO  ManageDriver :30 - Launching Chrome Browser
2022-05-17 11:05:226 INFO  HomePage :50 - Clicking on login link Log in<br>
2022-05-17 11:05:787 INFO  LoginPage :60 - Enter email prime11253@gmail.com to email field <br>
2022-05-17 11:05:906 INFO  LoginPage :65 - Enter password prime1145 to password field <br>
2022-05-17 11:05:989 INFO  LoginPage :70 - Clicking on Login Button <br>
2022-05-17 11:05:291 INFO  ManageDriver :30 - Launching Chrome Browser
2022-05-17 11:05:326 INFO  HomePage :50 - Clicking on login link Log in<br>
2022-05-17 11:05:948 INFO  LoginPage :60 - Enter email prime11253@gmail.com to email field <br>
2022-05-17 11:05:53 INFO  LoginPage :65 - Enter password  to password field <br>
2022-05-17 11:05:115 INFO  LoginPage :70 - Clicking on Login Button <br>
2022-05-17 11:05:161 INFO  ManageDriver :30 - Launching Chrome Browser
2022-05-17 11:05:986 INFO  HomePage :50 - Clicking on login link Log in<br>
2022-05-17 11:05:545 INFO  LoginPage :60 - Enter email preme11524 to email field <br>
2022-05-17 11:05:642 INFO  LoginPage :65 - Enter password prime1123 to password field <br>
2022-05-17 11:05:80 INFO  LoginPage :70 - Clicking on Login Button <br>
2022-05-17 11:05:115 INFO  LoginPage :75 - Getting error message : Login was unsuccessful. Please correct the errors and try again.
No customer account found<br>
2022-05-17 11:05:745 INFO  ManageDriver :30 - Launching Chrome Browser
2022-05-17 11:05:881 INFO  HomePage :50 - Clicking on login link Log in<br>
2022-05-17 11:05:448 INFO  LoginPage :60 - Enter email prime11253 to email field <br>
2022-05-17 11:05:546 INFO  LoginPage :65 - Enter password prime1145 to password field <br>
2022-05-17 11:05:976 INFO  LoginPage :70 - Clicking on Login Button <br>
2022-05-17 11:05:15 INFO  LoginPage :75 - Getting error message : Login was unsuccessful. Please correct the errors and try again.
No customer account found<br>
2022-05-17 11:05:667 INFO  ManageDriver :30 - Launching Chrome Browser
2022-05-17 11:05:324 INFO  HomePage :50 - Clicking on login link Log in<br>
2022-05-17 11:05:832 INFO  LoginPage :60 - Enter email prime11253 to email field <br>
2022-05-17 11:05:923 INFO  LoginPage :65 - Enter password  to password field <br>
2022-05-17 11:05:346 INFO  LoginPage :70 - Clicking on Login Button <br>
2022-05-17 11:05:379 INFO  LoginPage :75 - Getting error message : Login was unsuccessful. Please correct the errors and try again.
No customer account found<br>
2022-05-17 11:05:709 INFO  ManageDriver :30 - Launching Chrome Browser
2022-05-17 11:05:68 INFO  HomePage :61 - Clicking on register link Register<br>
2022-05-17 11:05:544 INFO  LoginPage :90 - Select 'Male' radio button<br>
2022-05-17 11:05:654 INFO  LoginPage :99 - Enter Firstname : 'Mehi' to firstName field<br>
2022-05-17 11:05:726 INFO  LoginPage :104 - Enter Lastname : 'shah' to lastName field<br>
2022-05-17 11:05:966 INFO  LoginPage :111 - Select day : '26', month : 'January', year : '2018'<br>
2022-05-17 11:05:58 INFO  LoginPage :117 - Enter Email : 'Nirav4467@gmail.com' to email field<br>
2022-05-17 11:05:150 INFO  LoginPage :122 - Enter Password : 'Ni45678' to password field<br>
2022-05-17 11:05:221 INFO  LoginPage :127 - Enter Confirm password : 'Ni45678' to confirm password field<br>
2022-05-17 11:05:226 INFO  LoginPage :131 - Click on 'REGISTER' button<br>
2022-05-17 11:05:813 INFO  ManageDriver :30 - Launching Chrome Browser
2022-05-17 11:05:667 INFO  HomePage :61 - Clicking on register link Register<br>
2022-05-17 11:05:190 INFO  LoginPage :90 - Select 'Male' radio button<br>
2022-05-17 11:05:330 INFO  LoginPage :99 - Enter Firstname : 'Mehi' to firstName field<br>
2022-05-17 11:05:405 INFO  LoginPage :104 - Enter Lastname : 'shah' to lastName field<br>
2022-05-17 11:05:591 INFO  LoginPage :111 - Select day : '26', month : 'January', year : '2018'<br>
2022-05-17 11:05:666 INFO  LoginPage :117 - Enter Email : 'Mahi' to email field<br>
2022-05-17 11:05:733 INFO  LoginPage :122 - Enter Password : 'Ni45678' to password field<br>
2022-05-17 11:05:810 INFO  LoginPage :127 - Enter Confirm password : 'Ni45678' to confirm password field<br>
2022-05-17 11:05:817 INFO  LoginPage :131 - Click on 'REGISTER' button<br>
2022-05-17 11:05:622 INFO  LoginPage :149 - Get your reg completed text : Your registration completed<br>
2022-05-17 11:05:477 INFO  ManageDriver :30 - Launching Chrome Browser
2022-05-17 11:05:394 INFO  HomePage :61 - Clicking on register link Register<br>
2022-05-17 11:05:285 INFO  ManageDriver :30 - Launching Chrome Browser
2022-05-17 11:05:240 INFO  ManageDriver :30 - Launching Chrome Browser
2022-05-17 11:05:178 INFO  HomePage :61 - Clicking on register link Register<br>
2022-05-17 11:05:71 INFO  ManageDriver :30 - Launching Chrome Browser
2022-05-17 11:05:04 INFO  HomePage :61 - Clicking on register link Register<br>
2022-05-17 11:05:919 INFO  ManageDriver :30 - Launching Chrome Browser
2022-05-17 11:05:383 INFO  HomePage :61 - Clicking on register link Register<br>
2022-05-17 11:05:888 INFO  LoginPage :131 - Click on 'REGISTER' button<br>
2022-05-17 11:05:66 INFO  LoginPage :140 - Click on 'REGISTER' button<br>
2022-05-17 11:05:126 INFO  LoginPage :140 - Click on 'REGISTER' button<br>
2022-05-17 11:05:199 INFO  LoginPage :140 - Click on 'REGISTER' button<br>
2022-05-17 11:05:250 INFO  LoginPage :140 - Click on 'REGISTER' button<br>
2022-05-17 11:05:319 INFO  LoginPage :140 - Click on 'REGISTER' button<br>
2022-05-17 12:05:168 INFO  ManageDriver :30 - Launching Chrome Browser
2022-05-17 12:05:179 INFO  HomePage :50 - Clicking on login link Log in<br>
2022-05-17 12:05:714 INFO  LoginPage :60 - Enter email Nirav to email field <br>
2022-05-17 12:05:789 INFO  LoginPage :65 - Enter password kag123 to password field <br>
2022-05-17 12:05:195 INFO  LoginPage :70 - Clicking on Login Button <br>
2022-05-17 12:05:941 INFO  ManageDriver :30 - Launching Chrome Browser
2022-05-17 12:05:796 INFO  HomePage :50 - Clicking on login link Log in<br>
2022-05-17 12:05:349 INFO  LoginPage :60 - Enter email Nirav to email field <br>
2022-05-17 12:05:425 INFO  LoginPage :65 - Enter password kag123 to password field <br>
2022-05-17 12:05:867 INFO  LoginPage :70 - Clicking on Login Button <br>
2022-05-17 12:05:438 INFO  ManageDriver :30 - Launching Chrome Browser
2022-05-17 12:05:481 INFO  HomePage :50 - Clicking on login link Log in<br>
2022-05-17 12:05:992 INFO  LoginPage :60 - Enter email hgfd4581 to email field <br>
2022-05-17 12:05:109 INFO  LoginPage :65 - Enter password pal4581 to password field <br>
2022-05-17 12:05:186 INFO  LoginPage :70 - Clicking on Login Button <br>
2022-05-17 17:05:992 INFO  ManageDriver :30 - Launching Chrome Browser
2022-05-17 17:05:721 INFO  HomePage :50 - Clicking on login link Log in<br>
2022-05-17 17:05:359 INFO  LoginPage :60 - Enter email Palak to email field <br>
2022-05-17 17:05:492 INFO  LoginPage :65 - Enter password Pal4581 to password field <br>
2022-05-17 17:05:169 INFO  LoginPage :70 - Clicking on Login Button <br>
2022-05-17 17:05:675 INFO  ManageDriver :30 - Launching Chrome Browser
2022-05-17 17:05:621 INFO  HomePage :50 - Clicking on login link Log in<br>
2022-05-17 17:05:894 INFO  LoginPage :60 - Enter email Pal4581@yahoo.com to email field <br>
2022-05-17 17:05:39 INFO  LoginPage :65 - Enter password pal4581 to password field <br>
2022-05-17 17:05:140 INFO  LoginPage :70 - Clicking on Login Button <br>
2022-05-17 17:05:576 INFO  ManageDriver :30 - Launching Chrome Browser
2022-05-17 17:05:857 INFO  HomePage :50 - Clicking on login link Log in<br>
2022-05-17 17:05:917 INFO  LoginPage :60 - Enter email Pal4581 to email field <br>
2022-05-17 17:05:80 INFO  LoginPage :65 - Enter password pal4581 to password field <br>
2022-05-17 17:05:920 INFO  LoginPage :70 - Clicking on Login Button <br>
2022-05-17 20:05:820 INFO  ManageDriver :30 - Launching Chrome Browser
2022-05-17 20:05:608 INFO  HomePage :50 - Clicking on login link Log in<br>
2022-05-17 20:05:480 INFO  LoginPage :60 - Enter email Palak4581@yahoo.com to email field <br>
2022-05-17 20:05:702 INFO  LoginPage :65 - Enter password palak4581 to password field <br>
2022-05-17 20:05:769 INFO  LoginPage :70 - Clicking on Login Button <br>
